[10-Mar-2020 13:20:04] NOTICE: fpm is running, pid 62053
[10-Mar-2020 13:20:04] NOTICE: ready to handle connections
[11-Mar-2020 00:19:32] NOTICE: Terminating ...
[11-Mar-2020 00:19:32] NOTICE: Terminating ...
[11-Mar-2020 00:19:32] NOTICE: exiting, bye-bye!
[16-Mar-2020 18:27:01] NOTICE: fpm is running, pid 2227
[16-Mar-2020 18:27:01] NOTICE: ready to handle connections
[16-Mar-2020 18:27:30] NOTICE: Terminating ...
[16-Mar-2020 18:27:30] NOTICE: Terminating ...
[16-Mar-2020 18:27:30] NOTICE: exiting, bye-bye!
[16-Mar-2020 18:27:33] NOTICE: fpm is running, pid 2257
[16-Mar-2020 18:27:33] NOTICE: ready to handle connections
[18-Mar-2020 17:00:50] NOTICE: Terminating ...
[18-Mar-2020 17:00:50] NOTICE: Terminating ...
[18-Mar-2020 17:00:50] NOTICE: exiting, bye-bye!
[18-Mar-2020 20:31:42] NOTICE: fpm is running, pid 28921
[18-Mar-2020 20:31:42] NOTICE: ready to handle connections
[19-Mar-2020 01:35:24] NOTICE: Terminating ...
[19-Mar-2020 01:35:24] NOTICE: Terminating ...
[19-Mar-2020 01:35:24] NOTICE: exiting, bye-bye!
[15-Apr-2020 09:39:45] NOTICE: fpm is running, pid 63308
[15-Apr-2020 09:39:45] NOTICE: ready to handle connections
[15-Apr-2020 09:42:11] NOTICE: Terminating ...
[15-Apr-2020 09:42:11] NOTICE: Terminating ...
[15-Apr-2020 09:42:11] NOTICE: exiting, bye-bye!
[03-May-2020 19:36:52] NOTICE: fpm is running, pid 15229
[03-May-2020 19:36:52] NOTICE: ready to handle connections
[04-May-2020 02:07:37] NOTICE: Terminating ...
[04-May-2020 02:07:37] NOTICE: Terminating ...
[04-May-2020 02:07:37] NOTICE: exiting, bye-bye!
[06-May-2020 17:59:30] NOTICE: fpm is running, pid 58468
[06-May-2020 17:59:30] NOTICE: ready to handle connections
[07-May-2020 13:45:14] NOTICE: Terminating ...
[07-May-2020 13:45:14] NOTICE: Terminating ...
[07-May-2020 13:45:14] NOTICE: exiting, bye-bye!
[07-May-2020 13:49:09] NOTICE: fpm is running, pid 75297
[07-May-2020 13:49:09] NOTICE: ready to handle connections
[07-May-2020 16:18:55] NOTICE: Terminating ...
[07-May-2020 16:18:55] NOTICE: Terminating ...
[07-May-2020 16:18:55] NOTICE: exiting, bye-bye!
